{"uid":"d33eecee4b77e6ef","name":"Test Event Vote Logs","fullName":"test_cases.test_agent_functions.TestAgentFunctionExecution#test_event_vote_logs","historyId":"b479afaeccaeb0b2b306544ea95f6f33","time":{"start":1730869108288,"stop":1730869108532,"duration":244},"status":"failed","statusMessage":"AssertionError: No successful 'voteEvent' log found | Failed Logs: None","statusTrace":"logs = [], function_name = 'voteOnProposal', trigger_type = 'EVENT'\nmessage = \"No successful 'voteEvent' log found\"\n\n    def assert_successful_log(logs, function_name, trigger_type, message):\n        try:\n>           assert any(\n                log[\"functionName\"] == function_name\n                and log[\"triggerType\"] == trigger_type\n                and log[\"status\"] is True\n                and log[\"success\"] is True\n                for log in logs\n            ), message\nE           AssertionError: No successful 'voteEvent' log found\nE           assert False\nE            +  where False = any(<generator object assert_successful_log.<locals>.<genexpr> at 0x7fb020379d20>)\n\ntest_cases/test_agent_functions.py:6: AssertionError\n\nDuring handling of the above exception, another exception occurred:\n\nself = <test_cases.test_agent_functions.TestAgentFunctionExecution object at 0x7fb020c55760>\nrun_admin_agent_fixture = <Response [200]>\nautonomous_agent_api = <lib.autonomous_agent_api.AutonomousAgentApi object at 0x7fb0205310d0>\n\n    @allure.sub_suite(\"EVENT\")\n    @allure.title(\"Test Event Vote Logs\")\n    @allure.feature(\"Vote Event Function\")\n    def test_event_vote_logs(self, run_admin_agent_fixture, autonomous_agent_api):\n        agent_id = run_admin_agent_fixture.json().get(\"id\")\n        logs = (\n            autonomous_agent_api.get_trigger_history(\n                param=\"?agent_id=\" + str(agent_id) + \"&functionName=voteOnProposal\"\n            )\n            .json()\n            .get(\"items\")\n        )\n>       assert_successful_log(\n            logs,\n            function_name=\"voteOnProposal\",\n            trigger_type=\"EVENT\",\n            message=\"No successful 'voteEvent' log found\",\n        )\n\ntest_cases/test_agent_functions.py:90: \n_ _ _ _ _ _ _ _ _ _ _ _ _ _ _ _ _ _ _ _ _ _ _ _ _ _ _ _ _ _ _ _ _ _ _ _ _ _ _ _ \n\nlogs = [], function_name = 'voteOnProposal', trigger_type = 'EVENT'\nmessage = \"No successful 'voteEvent' log found\"\n\n    def assert_successful_log(logs, function_name, trigger_type, message):\n        try:\n            assert any(\n                log[\"functionName\"] == function_name\n                and log[\"triggerType\"] == trigger_type\n                and log[\"status\"] is True\n                and log[\"success\"] is True\n                for log in logs\n            ), message\n        except AssertionError:\n            failed_logs = [log for log in logs if log[\"functionName\"] == function_name]\n    \n            if failed_logs:\n                allure.attach(\n                    str(failed_logs),\n                    name=\"Filtered Logs with Matching Function Name\",\n                    attachment_type=allure.attachment_type.JSON,\n                )\n            else:\n                allure.attach(\n                    \"No log found with the given parameters.\",\n                    name=\"No Matching Logs\",\n                    attachment_type=allure.attachment_type.TEXT,\n                )\n>           raise AssertionError(\n                f\"{message} | Failed Logs: {failed_logs if failed_logs else 'None'}\"\n            )\nE           AssertionError: No successful 'voteEvent' log found | Failed Logs: None\n\ntest_cases/test_agent_functions.py:28: AssertionError","flaky":false,"newFailed":false,"newBroken":false,"newPassed":false,"retriesCount":0,"retriesStatusChange":false,"beforeStages":[{"name":"autonomous_agent_api","time":{"start":1730868620713,"stop":1730868620714,"duration":1},"status":"passed","steps":[],"attachments":[],"parameters":[],"shouldDisplayMessage":false,"stepsCount":0,"attachmentsCount":0,"hasContent":false},{"name":"admin_login_response","time":{"start":1730868622943,"stop":1730868623065,"duration":122},"status":"passed","steps":[],"attachments":[],"parameters":[],"shouldDisplayMessage":false,"stepsCount":0,"attachmentsCount":0,"hasContent":false},{"name":"admin_login_cookie","time":{"start":1730868623065,"stop":1730868623065,"duration":0},"status":"passed","steps":[],"attachments":[],"parameters":[],"shouldDisplayMessage":false,"stepsCount":0,"attachmentsCount":0,"hasContent":false},{"name":"create_template_fixture","time":{"start":1730868623065,"stop":1730868623192,"duration":127},"status":"passed","steps":[],"attachments":[],"parameters":[],"shouldDisplayMessage":false,"stepsCount":0,"attachmentsCount":0,"hasContent":false},{"name":"edit_template_fixture","time":{"start":1730868623192,"stop":1730868623332,"duration":140},"status":"passed","steps":[],"attachments":[],"parameters":[],"shouldDisplayMessage":false,"stepsCount":0,"attachmentsCount":0,"hasContent":false},{"name":"create_admin_agent_fixture","time":{"start":1730868623332,"stop":1730868623463,"duration":131},"status":"passed","steps":[],"attachments":[],"parameters":[],"shouldDisplayMessage":false,"stepsCount":0,"attachmentsCount":0,"hasContent":false},{"name":"edit_admin_agent_fixture","time":{"start":1730868623658,"stop":1730868623841,"duration":183},"status":"passed","steps":[],"attachments":[],"parameters":[],"shouldDisplayMessage":false,"stepsCount":0,"attachmentsCount":0,"hasContent":false},{"name":"load_funds_to_agent_address","time":{"start":1730868623843,"stop":1730868744864,"duration":121021},"status":"passed","steps":[],"attachments":[],"parameters":[],"shouldDisplayMessage":false,"stepsCount":0,"attachmentsCount":0,"hasContent":false},{"name":"run_admin_agent_fixture","time":{"start":1730868744864,"stop":1730869107297,"duration":362433},"status":"passed","steps":[],"attachments":[],"parameters":[],"shouldDisplayMessage":false,"stepsCount":0,"attachmentsCount":0,"hasContent":false}],"testStage":{"status":"failed","statusMessage":"AssertionError: No successful 'voteEvent' log found | Failed Logs: None","statusTrace":"logs = [], function_name = 'voteOnProposal', trigger_type = 'EVENT'\nmessage = \"No successful 'voteEvent' log found\"\n\n    def assert_successful_log(logs, function_name, trigger_type, message):\n        try:\n>           assert any(\n                log[\"functionName\"] == function_name\n                and log[\"triggerType\"] == trigger_type\n                and log[\"status\"] is True\n                and log[\"success\"] is True\n                for log in logs\n            ), message\nE           AssertionError: No successful 'voteEvent' log found\nE           assert False\nE            +  where False = any(<generator object assert_successful_log.<locals>.<genexpr> at 0x7fb020379d20>)\n\ntest_cases/test_agent_functions.py:6: AssertionError\n\nDuring handling of the above exception, another exception occurred:\n\nself = <test_cases.test_agent_functions.TestAgentFunctionExecution object at 0x7fb020c55760>\nrun_admin_agent_fixture = <Response [200]>\nautonomous_agent_api = <lib.autonomous_agent_api.AutonomousAgentApi object at 0x7fb0205310d0>\n\n    @allure.sub_suite(\"EVENT\")\n    @allure.title(\"Test Event Vote Logs\")\n    @allure.feature(\"Vote Event Function\")\n    def test_event_vote_logs(self, run_admin_agent_fixture, autonomous_agent_api):\n        agent_id = run_admin_agent_fixture.json().get(\"id\")\n        logs = (\n            autonomous_agent_api.get_trigger_history(\n                param=\"?agent_id=\" + str(agent_id) + \"&functionName=voteOnProposal\"\n            )\n            .json()\n            .get(\"items\")\n        )\n>       assert_successful_log(\n            logs,\n            function_name=\"voteOnProposal\",\n            trigger_type=\"EVENT\",\n            message=\"No successful 'voteEvent' log found\",\n        )\n\ntest_cases/test_agent_functions.py:90: \n_ _ _ _ _ _ _ _ _ _ _ _ _ _ _ _ _ _ _ _ _ _ _ _ _ _ _ _ _ _ _ _ _ _ _ _ _ _ _ _ \n\nlogs = [], function_name = 'voteOnProposal', trigger_type = 'EVENT'\nmessage = \"No successful 'voteEvent' log found\"\n\n    def assert_successful_log(logs, function_name, trigger_type, message):\n        try:\n            assert any(\n                log[\"functionName\"] == function_name\n                and log[\"triggerType\"] == trigger_type\n                and log[\"status\"] is True\n                and log[\"success\"] is True\n                for log in logs\n            ), message\n        except AssertionError:\n            failed_logs = [log for log in logs if log[\"functionName\"] == function_name]\n    \n            if failed_logs:\n                allure.attach(\n                    str(failed_logs),\n                    name=\"Filtered Logs with Matching Function Name\",\n                    attachment_type=allure.attachment_type.JSON,\n                )\n            else:\n                allure.attach(\n                    \"No log found with the given parameters.\",\n                    name=\"No Matching Logs\",\n                    attachment_type=allure.attachment_type.TEXT,\n                )\n>           raise AssertionError(\n                f\"{message} | Failed Logs: {failed_logs if failed_logs else 'None'}\"\n            )\nE           AssertionError: No successful 'voteEvent' log found | Failed Logs: None\n\ntest_cases/test_agent_functions.py:28: AssertionError","steps":[],"attachments":[{"uid":"adb56c20ce5ff8d5","name":"No Matching Logs","source":"adb56c20ce5ff8d5.txt","type":"text/plain","size":39}],"parameters":[],"shouldDisplayMessage":true,"stepsCount":0,"attachmentsCount":1,"hasContent":true},"afterStages":[{"name":"autonomous_agent_api::0","time":{"start":1730869109339,"stop":1730869109339,"duration":0},"status":"passed","steps":[],"attachments":[],"parameters":[],"shouldDisplayMessage":false,"stepsCount":0,"attachmentsCount":0,"hasContent":false}],"labels":[{"name":"feature","value":"Vote Event Function"},{"name":"parentSuite","value":"Agent Function Execution"},{"name":"subSuite","value":"EVENT"},{"name":"suite","value":"test_agent_functions"},{"name":"host","value":"fv-az1538-855"},{"name":"thread","value":"1893-MainThread"},{"name":"framework","value":"pytest"},{"name":"language","value":"cpython3"},{"name":"package","value":"test_cases.test_agent_functions"},{"name":"resultFormat","value":"allure2"}],"parameters":[],"links":[],"hidden":false,"retry":false,"extra":{"severity":"normal","retries":[],"categories":[{"name":"Product defects","matchedStatuses":[],"flaky":false}],"history":{"statistic":{"failed":10,"broken":0,"skipped":0,"passed":0,"unknown":0,"total":10},"items":[{"uid":"a537641385cbd94d","reportUrl":"https://cardanoapi.github.io/autonomous-agents/test_backend_allure_report/16//#testresult/a537641385cbd94d","status":"failed","statusDetails":"AssertionError: No successful 'voteEvent' log found | Failed Logs: None","time":{"start":1730867980675,"stop":1730867980933,"duration":258}},{"uid":"5aead9bd4e491638","reportUrl":"https://josephrana11.github.io/autonomous-agents/test_backend_allure_report/15//#testresult/5aead9bd4e491638","status":"failed","statusDetails":"AssertionError: No successful 'voteEvent' log found | Failed Logs: None","time":{"start":1730866967975,"stop":1730866968211,"duration":236}},{"uid":"7e11f11d79948b9e","reportUrl":"https://josephrana11.github.io/autonomous-agents/test_backend_allure_report/14//#testresult/7e11f11d79948b9e","status":"failed","statusDetails":"AssertionError: No successful 'voteEvent' log found | Failed Logs: None","time":{"start":1730186057052,"stop":1730186057309,"duration":257}},{"uid":"4dc4c8b68725a0fc","reportUrl":"https://josephrana11.github.io/autonomous-agents/test_backend_allure_report/12//#testresult/4dc4c8b68725a0fc","status":"failed","statusDetails":"AssertionError: No successful 'voteEvent' log found | Failed Logs: None","time":{"start":1730185178524,"stop":1730185178763,"duration":239}},{"uid":"87a696e0eb6aea35","reportUrl":"https://josephrana11.github.io/autonomous-agents/test_backend_allure_report/10//#testresult/87a696e0eb6aea35","status":"failed","statusDetails":"AssertionError: No successful 'voteEvent' log found | Failed Logs: None","time":{"start":1730183679854,"stop":1730183680103,"duration":249}},{"uid":"a9d890881ea5b51d","reportUrl":"https://josephrana11.github.io/autonomous-agents/test_backend_allure_report/9//#testresult/a9d890881ea5b51d","status":"failed","statusDetails":"AssertionError: No successful 'voteEvent' log found | Failed Logs: None","time":{"start":1730182432225,"stop":1730182432458,"duration":233}},{"uid":"89d9f5b765bf6ea0","reportUrl":"https://josephrana11.github.io/autonomous-agents/test_backend_allure_report/8//#testresult/89d9f5b765bf6ea0","status":"failed","statusDetails":"AssertionError: No successful 'voteEvent' log found | Failed Logs: None","time":{"start":1730182022608,"stop":1730182022880,"duration":272}},{"uid":"9d80e2e5782b398c","reportUrl":"https://josephrana11.github.io/autonomous-agents/test_backend_allure_report/7//#testresult/9d80e2e5782b398c","status":"failed","statusDetails":"AssertionError: No successful 'voteEvent' log found | Failed Logs: None","time":{"start":1730181733057,"stop":1730181733347,"duration":290}},{"uid":"5b2eb108300ffb7c","reportUrl":"https://josephrana11.github.io/autonomous-agents/test_backend_allure_report/6//#testresult/5b2eb108300ffb7c","status":"failed","statusDetails":"AssertionError: No successful 'voteEvent' log found | Failed Logs: None","time":{"start":1730178758737,"stop":1730178758972,"duration":235}}]},"tags":[]},"source":"d33eecee4b77e6ef.json","parameterValues":[]}